{"F:\\Andela\\hozayves-portfolio\\blog-backendAPI\\src\\server.js": {"path":"F:\\Andela\\hozayves-portfolio\\blog-backendAPI\\src\\server.js","statementMap":{"0":{"start":{"line":1,"column":0},"end":{"line":1,"column":32}},"1":{"start":{"line":2,"column":13},"end":{"line":2,"column":28}},"2":{"start":{"line":3,"column":12},"end":{"line":3,"column":26}},"3":{"start":{"line":4,"column":0},"end":{"line":4,"column":44}},"4":{"start":{"line":5,"column":0},"end":{"line":5,"column":27}},"5":{"start":{"line":6,"column":16},"end":{"line":6,"column":34}},"6":{"start":{"line":7,"column":17},"end":{"line":7,"column":36}},"7":{"start":{"line":8,"column":12},"end":{"line":8,"column":21}},"8":{"start":{"line":9,"column":13},"end":{"line":9,"column":29}},"9":{"start":{"line":10,"column":14},"end":{"line":10,"column":45}},"10":{"start":{"line":11,"column":14},"end":{"line":11,"column":40}},"11":{"start":{"line":12,"column":17},"end":{"line":12,"column":46}},"12":{"start":{"line":13,"column":17},"end":{"line":13,"column":46}},"13":{"start":{"line":14,"column":14},"end":{"line":14,"column":40}},"14":{"start":{"line":15,"column":19},"end":{"line":15,"column":50}},"15":{"start":{"line":16,"column":21},"end":{"line":16,"column":58}},"16":{"start":{"line":17,"column":15},"end":{"line":17,"column":32}},"17":{"start":{"line":26,"column":0},"end":{"line":26,"column":24}},"18":{"start":{"line":28,"column":0},"end":{"line":28,"column":48}},"19":{"start":{"line":31,"column":0},"end":{"line":31,"column":16}},"20":{"start":{"line":34,"column":0},"end":{"line":34,"column":29}},"21":{"start":{"line":36,"column":0},"end":{"line":36,"column":29}},"22":{"start":{"line":38,"column":0},"end":{"line":38,"column":35}},"23":{"start":{"line":40,"column":0},"end":{"line":40,"column":35}},"24":{"start":{"line":42,"column":0},"end":{"line":42,"column":29}},"25":{"start":{"line":44,"column":0},"end":{"line":44,"column":34}},"26":{"start":{"line":46,"column":0},"end":{"line":51,"column":1}},"27":{"start":{"line":47,"column":2},"end":{"line":47,"column":37}},"28":{"start":{"line":48,"column":2},"end":{"line":48,"column":55}},"29":{"start":{"line":50,"column":2},"end":{"line":50,"column":21}},"30":{"start":{"line":53,"column":15},"end":{"line":55,"column":2}},"31":{"start":{"line":54,"column":2},"end":{"line":54,"column":48}},"32":{"start":{"line":57,"column":0},"end":{"line":57,"column":24}},"33":{"start":{"line":59,"column":0},"end":{"line":59,"column":22}}},"fnMap":{"0":{"name":"(anonymous_0)","decl":{"start":{"line":53,"column":32},"end":{"line":53,"column":33}},"loc":{"start":{"line":53,"column":38},"end":{"line":55,"column":1}},"line":53}},"branchMap":{},"s":{"0":2,"1":2,"2":2,"3":2,"4":2,"5":2,"6":2,"7":2,"8":2,"9":2,"10":2,"11":2,"12":2,"13":2,"14":2,"15":2,"16":2,"17":2,"18":2,"19":2,"20":2,"21":2,"22":2,"23":2,"24":2,"25":2,"26":2,"27":2,"28":2,"29":0,"30":2,"31":2,"32":2,"33":2},"f":{"0":2},"b":{},"_coverageSchema":"1a1c01bbd47fc00a2c39e90264f33305004495a9","hash":"812457c68c19a4b5533dbce55602cd4ad8816154"}
,"F:\\Andela\\hozayves-portfolio\\blog-backendAPI\\src\\controllers\\authentication.js": {"path":"F:\\Andela\\hozayves-portfolio\\blog-backendAPI\\src\\controllers\\authentication.js","statementMap":{"0":{"start":{"line":1,"column":0},"end":{"line":1,"column":27}},"1":{"start":{"line":2,"column":15},"end":{"line":2,"column":34}},"2":{"start":{"line":3,"column":12},"end":{"line":3,"column":26}},"3":{"start":{"line":4,"column":17},"end":{"line":4,"column":42}},"4":{"start":{"line":6,"column":23},"end":{"line":28,"column":1}},"5":{"start":{"line":7,"column":20},"end":{"line":7,"column":42}},"6":{"start":{"line":8,"column":2},"end":{"line":11,"column":62}},"7":{"start":{"line":9,"column":4},"end":{"line":11,"column":62}},"8":{"start":{"line":13,"column":15},"end":{"line":13,"column":60}},"9":{"start":{"line":14,"column":2},"end":{"line":17,"column":65}},"10":{"start":{"line":15,"column":4},"end":{"line":17,"column":65}},"11":{"start":{"line":19,"column":24},"end":{"line":19,"column":78}},"12":{"start":{"line":20,"column":2},"end":{"line":23,"column":65}},"13":{"start":{"line":21,"column":4},"end":{"line":23,"column":65}},"14":{"start":{"line":25,"column":16},"end":{"line":25,"column":40}},"15":{"start":{"line":27,"column":2},"end":{"line":27,"column":77}},"16":{"start":{"line":30,"column":0},"end":{"line":30,"column":32}},"17":{"start":{"line":34,"column":17},"end":{"line":37,"column":4}},"18":{"start":{"line":38,"column":2},"end":{"line":38,"column":31}}},"fnMap":{"0":{"name":"(anonymous_0)","decl":{"start":{"line":6,"column":23},"end":{"line":6,"column":24}},"loc":{"start":{"line":6,"column":43},"end":{"line":28,"column":1}},"line":6},"1":{"name":"validateAuth","decl":{"start":{"line":33,"column":9},"end":{"line":33,"column":21}},"loc":{"start":{"line":33,"column":28},"end":{"line":39,"column":1}},"line":33}},"branchMap":{"0":{"loc":{"start":{"line":8,"column":2},"end":{"line":11,"column":62}},"type":"if","locations":[{"start":{"line":8,"column":2},"end":{"line":11,"column":62}},{"start":{},"end":{}}],"line":8},"1":{"loc":{"start":{"line":14,"column":2},"end":{"line":17,"column":65}},"type":"if","locations":[{"start":{"line":14,"column":2},"end":{"line":17,"column":65}},{"start":{},"end":{}}],"line":14},"2":{"loc":{"start":{"line":20,"column":2},"end":{"line":23,"column":65}},"type":"if","locations":[{"start":{"line":20,"column":2},"end":{"line":23,"column":65}},{"start":{},"end":{}}],"line":20}},"s":{"0":2,"1":2,"2":2,"3":2,"4":2,"5":0,"6":0,"7":0,"8":0,"9":0,"10":0,"11":0,"12":0,"13":0,"14":0,"15":0,"16":2,"17":0,"18":0},"f":{"0":0,"1":0},"b":{"0":[0,0],"1":[0,0],"2":[0,0]},"_coverageSchema":"1a1c01bbd47fc00a2c39e90264f33305004495a9","hash":"a2d3595faa98de76504424f566f637abeb11433f"}
,"F:\\Andela\\hozayves-portfolio\\blog-backendAPI\\src\\controllers\\blogController.js": {"path":"F:\\Andela\\hozayves-portfolio\\blog-backendAPI\\src\\controllers\\blogController.js","statementMap":{"0":{"start":{"line":1,"column":19},"end":{"line":1,"column":49}},"1":{"start":{"line":2,"column":13},"end":{"line":2,"column":28}},"2":{"start":{"line":3,"column":36},"end":{"line":3,"column":66}},"3":{"start":{"line":4,"column":10},"end":{"line":4,"column":27}},"4":{"start":{"line":7,"column":19},"end":{"line":24,"column":1}},"5":{"start":{"line":8,"column":13},"end":{"line":11,"column":4}},"6":{"start":{"line":12,"column":2},"end":{"line":12,"column":73}},"7":{"start":{"line":12,"column":13},"end":{"line":12,"column":73}},"8":{"start":{"line":14,"column":2},"end":{"line":21,"column":4}},"9":{"start":{"line":23,"column":2},"end":{"line":23,"column":43}},"10":{"start":{"line":26,"column":16},"end":{"line":32,"column":1}},"11":{"start":{"line":27,"column":15},"end":{"line":27,"column":54}},"12":{"start":{"line":28,"column":2},"end":{"line":29,"column":74}},"13":{"start":{"line":29,"column":4},"end":{"line":29,"column":74}},"14":{"start":{"line":31,"column":2},"end":{"line":31,"column":43}},"15":{"start":{"line":34,"column":19},"end":{"line":43,"column":1}},"16":{"start":{"line":35,"column":16},"end":{"line":35,"column":38}},"17":{"start":{"line":37,"column":2},"end":{"line":41,"column":3}},"18":{"start":{"line":38,"column":4},"end":{"line":40,"column":70}},"19":{"start":{"line":42,"column":2},"end":{"line":42,"column":44}},"20":{"start":{"line":45,"column":19},"end":{"line":64,"column":1}},"21":{"start":{"line":46,"column":15},"end":{"line":49,"column":4}},"22":{"start":{"line":50,"column":2},"end":{"line":51,"column":80}},"23":{"start":{"line":51,"column":4},"end":{"line":51,"column":80}},"24":{"start":{"line":53,"column":19},"end":{"line":53,"column":60}},"25":{"start":{"line":54,"column":2},"end":{"line":63,"column":5}},"26":{"start":{"line":55,"column":4},"end":{"line":60,"column":5}},"27":{"start":{"line":56,"column":6},"end":{"line":56,"column":25}},"28":{"start":{"line":57,"column":6},"end":{"line":59,"column":70}},"29":{"start":{"line":61,"column":4},"end":{"line":61,"column":27}},"30":{"start":{"line":62,"column":4},"end":{"line":62,"column":65}},"31":{"start":{"line":67,"column":22},"end":{"line":96,"column":1}},"32":{"start":{"line":68,"column":20},"end":{"line":68,"column":42}},"33":{"start":{"line":69,"column":2},"end":{"line":72,"column":62}},"34":{"start":{"line":70,"column":4},"end":{"line":72,"column":62}},"35":{"start":{"line":74,"column":2},"end":{"line":95,"column":5}},"36":{"start":{"line":75,"column":4},"end":{"line":80,"column":5}},"37":{"start":{"line":76,"column":6},"end":{"line":76,"column":25}},"38":{"start":{"line":77,"column":6},"end":{"line":79,"column":68}},"39":{"start":{"line":81,"column":15},"end":{"line":87,"column":6}},"40":{"start":{"line":88,"column":4},"end":{"line":88,"column":22}},"41":{"start":{"line":90,"column":4},"end":{"line":93,"column":64}},"42":{"start":{"line":91,"column":6},"end":{"line":93,"column":64}},"43":{"start":{"line":94,"column":4},"end":{"line":94,"column":45}},"44":{"start":{"line":98,"column":0},"end":{"line":104,"column":2}}},"fnMap":{"0":{"name":"(anonymous_0)","decl":{"start":{"line":7,"column":19},"end":{"line":7,"column":20}},"loc":{"start":{"line":7,"column":39},"end":{"line":24,"column":1}},"line":7},"1":{"name":"(anonymous_1)","decl":{"start":{"line":26,"column":16},"end":{"line":26,"column":17}},"loc":{"start":{"line":26,"column":36},"end":{"line":32,"column":1}},"line":26},"2":{"name":"(anonymous_2)","decl":{"start":{"line":34,"column":19},"end":{"line":34,"column":20}},"loc":{"start":{"line":34,"column":39},"end":{"line":43,"column":1}},"line":34},"3":{"name":"(anonymous_3)","decl":{"start":{"line":45,"column":19},"end":{"line":45,"column":20}},"loc":{"start":{"line":45,"column":39},"end":{"line":64,"column":1}},"line":45},"4":{"name":"(anonymous_4)","decl":{"start":{"line":54,"column":40},"end":{"line":54,"column":41}},"loc":{"start":{"line":54,"column":65},"end":{"line":63,"column":3}},"line":54},"5":{"name":"(anonymous_5)","decl":{"start":{"line":67,"column":22},"end":{"line":67,"column":23}},"loc":{"start":{"line":67,"column":42},"end":{"line":96,"column":1}},"line":67},"6":{"name":"(anonymous_6)","decl":{"start":{"line":74,"column":44},"end":{"line":74,"column":45}},"loc":{"start":{"line":74,"column":69},"end":{"line":95,"column":3}},"line":74}},"branchMap":{"0":{"loc":{"start":{"line":12,"column":2},"end":{"line":12,"column":73}},"type":"if","locations":[{"start":{"line":12,"column":2},"end":{"line":12,"column":73}},{"start":{},"end":{}}],"line":12},"1":{"loc":{"start":{"line":28,"column":2},"end":{"line":29,"column":74}},"type":"if","locations":[{"start":{"line":28,"column":2},"end":{"line":29,"column":74}},{"start":{},"end":{}}],"line":28},"2":{"loc":{"start":{"line":37,"column":2},"end":{"line":41,"column":3}},"type":"if","locations":[{"start":{"line":37,"column":2},"end":{"line":41,"column":3}},{"start":{},"end":{}}],"line":37},"3":{"loc":{"start":{"line":50,"column":2},"end":{"line":51,"column":80}},"type":"if","locations":[{"start":{"line":50,"column":2},"end":{"line":51,"column":80}},{"start":{},"end":{}}],"line":50},"4":{"loc":{"start":{"line":55,"column":4},"end":{"line":60,"column":5}},"type":"if","locations":[{"start":{"line":55,"column":4},"end":{"line":60,"column":5}},{"start":{},"end":{}}],"line":55},"5":{"loc":{"start":{"line":69,"column":2},"end":{"line":72,"column":62}},"type":"if","locations":[{"start":{"line":69,"column":2},"end":{"line":72,"column":62}},{"start":{},"end":{}}],"line":69},"6":{"loc":{"start":{"line":75,"column":4},"end":{"line":80,"column":5}},"type":"if","locations":[{"start":{"line":75,"column":4},"end":{"line":80,"column":5}},{"start":{},"end":{}}],"line":75},"7":{"loc":{"start":{"line":90,"column":4},"end":{"line":93,"column":64}},"type":"if","locations":[{"start":{"line":90,"column":4},"end":{"line":93,"column":64}},{"start":{},"end":{}}],"line":90}},"s":{"0":2,"1":2,"2":2,"3":2,"4":2,"5":0,"6":0,"7":0,"8":0,"9":0,"10":2,"11":0,"12":0,"13":0,"14":0,"15":2,"16":0,"17":0,"18":0,"19":0,"20":2,"21":0,"22":0,"23":0,"24":0,"25":0,"26":0,"27":0,"28":0,"29":0,"30":0,"31":2,"32":1,"33":1,"34":0,"35":1,"36":1,"37":0,"38":0,"39":1,"40":1,"41":1,"42":0,"43":1,"44":2},"f":{"0":0,"1":0,"2":0,"3":0,"4":0,"5":1,"6":1},"b":{"0":[0,0],"1":[0,0],"2":[0,0],"3":[0,0],"4":[0,0],"5":[0,1],"6":[0,1],"7":[0,1]},"_coverageSchema":"1a1c01bbd47fc00a2c39e90264f33305004495a9","hash":"bb1dc009a6f34e5eb8412cb31d8e37b7e1421af4"}
,"F:\\Andela\\hozayves-portfolio\\blog-backendAPI\\src\\controllers\\comments.js": {"path":"F:\\Andela\\hozayves-portfolio\\blog-backendAPI\\src\\controllers\\comments.js","statementMap":{"0":{"start":{"line":1,"column":22},"end":{"line":1,"column":52}},"1":{"start":{"line":6,"column":4},"end":{"line":6,"column":32}},"2":{"start":{"line":7,"column":10},"end":{"line":7,"column":27}},"3":{"start":{"line":10,"column":20},"end":{"line":25,"column":1}},"4":{"start":{"line":11,"column":20},"end":{"line":11,"column":45}},"5":{"start":{"line":12,"column":2},"end":{"line":15,"column":62}},"6":{"start":{"line":13,"column":4},"end":{"line":15,"column":62}},"7":{"start":{"line":17,"column":16},"end":{"line":21,"column":4}},"8":{"start":{"line":22,"column":2},"end":{"line":22,"column":23}},"9":{"start":{"line":24,"column":2},"end":{"line":24,"column":46}},"10":{"start":{"line":27,"column":22},"end":{"line":38,"column":1}},"11":{"start":{"line":28,"column":18},"end":{"line":28,"column":69}},"12":{"start":{"line":29,"column":2},"end":{"line":32,"column":64}},"13":{"start":{"line":30,"column":4},"end":{"line":32,"column":64}},"14":{"start":{"line":34,"column":25},"end":{"line":36,"column":3}},"15":{"start":{"line":37,"column":2},"end":{"line":37,"column":69}},"16":{"start":{"line":40,"column":20},"end":{"line":56,"column":1}},"17":{"start":{"line":41,"column":20},"end":{"line":41,"column":51}},"18":{"start":{"line":42,"column":2},"end":{"line":45,"column":62}},"19":{"start":{"line":43,"column":4},"end":{"line":45,"column":62}},"20":{"start":{"line":46,"column":16},"end":{"line":46,"column":71}},"21":{"start":{"line":47,"column":2},"end":{"line":50,"column":73}},"22":{"start":{"line":48,"column":4},"end":{"line":50,"column":73}},"23":{"start":{"line":51,"column":2},"end":{"line":51,"column":37}},"24":{"start":{"line":52,"column":2},"end":{"line":52,"column":24}},"25":{"start":{"line":53,"column":2},"end":{"line":53,"column":23}},"26":{"start":{"line":55,"column":2},"end":{"line":55,"column":46}},"27":{"start":{"line":59,"column":25},"end":{"line":67,"column":1}},"28":{"start":{"line":60,"column":19},"end":{"line":62,"column":28}},"29":{"start":{"line":63,"column":2},"end":{"line":64,"column":77}},"30":{"start":{"line":64,"column":4},"end":{"line":64,"column":77}},"31":{"start":{"line":66,"column":2},"end":{"line":66,"column":47}},"32":{"start":{"line":69,"column":0},"end":{"line":74,"column":2}}},"fnMap":{"0":{"name":"(anonymous_0)","decl":{"start":{"line":10,"column":20},"end":{"line":10,"column":21}},"loc":{"start":{"line":10,"column":40},"end":{"line":25,"column":1}},"line":10},"1":{"name":"(anonymous_1)","decl":{"start":{"line":27,"column":22},"end":{"line":27,"column":23}},"loc":{"start":{"line":27,"column":42},"end":{"line":38,"column":1}},"line":27},"2":{"name":"(anonymous_2)","decl":{"start":{"line":40,"column":20},"end":{"line":40,"column":21}},"loc":{"start":{"line":40,"column":40},"end":{"line":56,"column":1}},"line":40},"3":{"name":"(anonymous_3)","decl":{"start":{"line":59,"column":25},"end":{"line":59,"column":26}},"loc":{"start":{"line":59,"column":45},"end":{"line":67,"column":1}},"line":59}},"branchMap":{"0":{"loc":{"start":{"line":12,"column":2},"end":{"line":15,"column":62}},"type":"if","locations":[{"start":{"line":12,"column":2},"end":{"line":15,"column":62}},{"start":{},"end":{}}],"line":12},"1":{"loc":{"start":{"line":29,"column":2},"end":{"line":32,"column":64}},"type":"if","locations":[{"start":{"line":29,"column":2},"end":{"line":32,"column":64}},{"start":{},"end":{}}],"line":29},"2":{"loc":{"start":{"line":42,"column":2},"end":{"line":45,"column":62}},"type":"if","locations":[{"start":{"line":42,"column":2},"end":{"line":45,"column":62}},{"start":{},"end":{}}],"line":42},"3":{"loc":{"start":{"line":47,"column":2},"end":{"line":50,"column":73}},"type":"if","locations":[{"start":{"line":47,"column":2},"end":{"line":50,"column":73}},{"start":{},"end":{}}],"line":47},"4":{"loc":{"start":{"line":63,"column":2},"end":{"line":64,"column":77}},"type":"if","locations":[{"start":{"line":63,"column":2},"end":{"line":64,"column":77}},{"start":{},"end":{}}],"line":63}},"s":{"0":2,"1":2,"2":2,"3":2,"4":0,"5":0,"6":0,"7":0,"8":0,"9":0,"10":2,"11":0,"12":0,"13":0,"14":0,"15":0,"16":2,"17":0,"18":0,"19":0,"20":0,"21":0,"22":0,"23":0,"24":0,"25":0,"26":0,"27":2,"28":0,"29":0,"30":0,"31":0,"32":2},"f":{"0":0,"1":0,"2":0,"3":0},"b":{"0":[0,0],"1":[0,0],"2":[0,0],"3":[0,0],"4":[0,0]},"_coverageSchema":"1a1c01bbd47fc00a2c39e90264f33305004495a9","hash":"16afbc48da3b0861f474b9134c6eb75eeeb2b3ad"}
,"F:\\Andela\\hozayves-portfolio\\blog-backendAPI\\src\\controllers\\likeController.js": {"path":"F:\\Andela\\hozayves-portfolio\\blog-backendAPI\\src\\controllers\\likeController.js","statementMap":{"0":{"start":{"line":1,"column":22},"end":{"line":1,"column":52}},"1":{"start":{"line":3,"column":19},"end":{"line":22,"column":1}},"2":{"start":{"line":4,"column":14},"end":{"line":4,"column":69}},"3":{"start":{"line":5,"column":2},"end":{"line":6,"column":73}},"4":{"start":{"line":6,"column":4},"end":{"line":6,"column":73}},"5":{"start":{"line":10,"column":4},"end":{"line":11,"column":67}},"6":{"start":{"line":11,"column":36},"end":{"line":11,"column":66}},"7":{"start":{"line":13,"column":2},"end":{"line":19,"column":3}},"8":{"start":{"line":15,"column":4},"end":{"line":15,"column":45}},"9":{"start":{"line":18,"column":4},"end":{"line":18,"column":45}},"10":{"start":{"line":20,"column":2},"end":{"line":20,"column":21}},"11":{"start":{"line":21,"column":2},"end":{"line":21,"column":32}},"12":{"start":{"line":24,"column":18},"end":{"line":40,"column":1}},"13":{"start":{"line":26,"column":17},"end":{"line":26,"column":41}},"14":{"start":{"line":27,"column":19},"end":{"line":27,"column":74}},"15":{"start":{"line":28,"column":2},"end":{"line":29,"column":73}},"16":{"start":{"line":29,"column":4},"end":{"line":29,"column":73}},"17":{"start":{"line":33,"column":4},"end":{"line":33,"column":75}},"18":{"start":{"line":33,"column":44},"end":{"line":33,"column":74}},"19":{"start":{"line":35,"column":20},"end":{"line":35,"column":41}},"20":{"start":{"line":37,"column":2},"end":{"line":39,"column":72}},"21":{"start":{"line":42,"column":0},"end":{"line":42,"column":43}}},"fnMap":{"0":{"name":"(anonymous_0)","decl":{"start":{"line":3,"column":19},"end":{"line":3,"column":20}},"loc":{"start":{"line":3,"column":39},"end":{"line":22,"column":1}},"line":3},"1":{"name":"(anonymous_1)","decl":{"start":{"line":11,"column":26},"end":{"line":11,"column":27}},"loc":{"start":{"line":11,"column":36},"end":{"line":11,"column":66}},"line":11},"2":{"name":"(anonymous_2)","decl":{"start":{"line":24,"column":18},"end":{"line":24,"column":19}},"loc":{"start":{"line":24,"column":38},"end":{"line":40,"column":1}},"line":24},"3":{"name":"(anonymous_3)","decl":{"start":{"line":33,"column":34},"end":{"line":33,"column":35}},"loc":{"start":{"line":33,"column":44},"end":{"line":33,"column":74}},"line":33}},"branchMap":{"0":{"loc":{"start":{"line":5,"column":2},"end":{"line":6,"column":73}},"type":"if","locations":[{"start":{"line":5,"column":2},"end":{"line":6,"column":73}},{"start":{},"end":{}}],"line":5},"1":{"loc":{"start":{"line":10,"column":4},"end":{"line":11,"column":67}},"type":"binary-expr","locations":[{"start":{"line":10,"column":4},"end":{"line":10,"column":16}},{"start":{"line":11,"column":4},"end":{"line":11,"column":67}}],"line":10},"2":{"loc":{"start":{"line":13,"column":2},"end":{"line":19,"column":3}},"type":"if","locations":[{"start":{"line":13,"column":2},"end":{"line":19,"column":3}},{"start":{"line":16,"column":9},"end":{"line":19,"column":3}}],"line":13},"3":{"loc":{"start":{"line":26,"column":17},"end":{"line":26,"column":41}},"type":"binary-expr","locations":[{"start":{"line":26,"column":17},"end":{"line":26,"column":25}},{"start":{"line":26,"column":29},"end":{"line":26,"column":41}}],"line":26},"4":{"loc":{"start":{"line":28,"column":2},"end":{"line":29,"column":73}},"type":"if","locations":[{"start":{"line":28,"column":2},"end":{"line":29,"column":73}},{"start":{},"end":{}}],"line":28},"5":{"loc":{"start":{"line":33,"column":4},"end":{"line":33,"column":75}},"type":"binary-expr","locations":[{"start":{"line":33,"column":4},"end":{"line":33,"column":10}},{"start":{"line":33,"column":14},"end":{"line":33,"column":75}}],"line":33},"6":{"loc":{"start":{"line":39,"column":42},"end":{"line":39,"column":68}},"type":"cond-expr","locations":[{"start":{"line":39,"column":51},"end":{"line":39,"column":60}},{"start":{"line":39,"column":63},"end":{"line":39,"column":68}}],"line":39}},"s":{"0":2,"1":2,"2":0,"3":0,"4":0,"5":0,"6":0,"7":0,"8":0,"9":0,"10":0,"11":0,"12":2,"13":0,"14":0,"15":0,"16":0,"17":0,"18":0,"19":0,"20":0,"21":2},"f":{"0":0,"1":0,"2":0,"3":0},"b":{"0":[0,0],"1":[0,0],"2":[0,0],"3":[0,0],"4":[0,0],"5":[0,0],"6":[0,0]},"_coverageSchema":"1a1c01bbd47fc00a2c39e90264f33305004495a9","hash":"f4e01c820b938accfdab24a805eb4eb1e603ace1"}
,"F:\\Andela\\hozayves-portfolio\\blog-backendAPI\\src\\controllers\\messages.js": {"path":"F:\\Andela\\hozayves-portfolio\\blog-backendAPI\\src\\controllers\\messages.js","statementMap":{"0":{"start":{"line":1,"column":37},"end":{"line":1,"column":70}},"1":{"start":{"line":2,"column":10},"end":{"line":2,"column":27}},"2":{"start":{"line":5,"column":20},"end":{"line":15,"column":1}},"3":{"start":{"line":6,"column":20},"end":{"line":6,"column":45}},"4":{"start":{"line":7,"column":2},"end":{"line":10,"column":62}},"5":{"start":{"line":8,"column":4},"end":{"line":10,"column":62}},"6":{"start":{"line":12,"column":18},"end":{"line":12,"column":77}},"7":{"start":{"line":13,"column":2},"end":{"line":13,"column":23}},"8":{"start":{"line":14,"column":2},"end":{"line":14,"column":46}},"9":{"start":{"line":18,"column":20},"end":{"line":24,"column":1}},"10":{"start":{"line":19,"column":19},"end":{"line":19,"column":54}},"11":{"start":{"line":20,"column":2},"end":{"line":21,"column":78}},"12":{"start":{"line":21,"column":4},"end":{"line":21,"column":78}},"13":{"start":{"line":23,"column":2},"end":{"line":23,"column":47}},"14":{"start":{"line":26,"column":23},"end":{"line":34,"column":1}},"15":{"start":{"line":27,"column":18},"end":{"line":29,"column":3}},"16":{"start":{"line":30,"column":2},"end":{"line":31,"column":76}},"17":{"start":{"line":31,"column":4},"end":{"line":31,"column":76}},"18":{"start":{"line":33,"column":2},"end":{"line":33,"column":46}},"19":{"start":{"line":36,"column":22},"end":{"line":42,"column":1}},"20":{"start":{"line":37,"column":18},"end":{"line":37,"column":64}},"21":{"start":{"line":38,"column":2},"end":{"line":39,"column":76}},"22":{"start":{"line":39,"column":4},"end":{"line":39,"column":76}},"23":{"start":{"line":41,"column":2},"end":{"line":41,"column":66}},"24":{"start":{"line":44,"column":22},"end":{"line":52,"column":1}},"25":{"start":{"line":45,"column":16},"end":{"line":45,"column":70}},"26":{"start":{"line":46,"column":2},"end":{"line":50,"column":3}},"27":{"start":{"line":47,"column":4},"end":{"line":47,"column":37}},"28":{"start":{"line":48,"column":4},"end":{"line":48,"column":25}},"29":{"start":{"line":49,"column":4},"end":{"line":49,"column":78}},"30":{"start":{"line":51,"column":2},"end":{"line":51,"column":74}},"31":{"start":{"line":53,"column":0},"end":{"line":59,"column":2}}},"fnMap":{"0":{"name":"(anonymous_0)","decl":{"start":{"line":5,"column":20},"end":{"line":5,"column":21}},"loc":{"start":{"line":5,"column":40},"end":{"line":15,"column":1}},"line":5},"1":{"name":"(anonymous_1)","decl":{"start":{"line":18,"column":20},"end":{"line":18,"column":21}},"loc":{"start":{"line":18,"column":40},"end":{"line":24,"column":1}},"line":18},"2":{"name":"(anonymous_2)","decl":{"start":{"line":26,"column":23},"end":{"line":26,"column":24}},"loc":{"start":{"line":26,"column":43},"end":{"line":34,"column":1}},"line":26},"3":{"name":"(anonymous_3)","decl":{"start":{"line":36,"column":22},"end":{"line":36,"column":23}},"loc":{"start":{"line":36,"column":42},"end":{"line":42,"column":1}},"line":36},"4":{"name":"(anonymous_4)","decl":{"start":{"line":44,"column":22},"end":{"line":44,"column":23}},"loc":{"start":{"line":44,"column":42},"end":{"line":52,"column":1}},"line":44}},"branchMap":{"0":{"loc":{"start":{"line":7,"column":2},"end":{"line":10,"column":62}},"type":"if","locations":[{"start":{"line":7,"column":2},"end":{"line":10,"column":62}},{"start":{},"end":{}}],"line":7},"1":{"loc":{"start":{"line":20,"column":2},"end":{"line":21,"column":78}},"type":"if","locations":[{"start":{"line":20,"column":2},"end":{"line":21,"column":78}},{"start":{},"end":{}}],"line":20},"2":{"loc":{"start":{"line":30,"column":2},"end":{"line":31,"column":76}},"type":"if","locations":[{"start":{"line":30,"column":2},"end":{"line":31,"column":76}},{"start":{},"end":{}}],"line":30},"3":{"loc":{"start":{"line":38,"column":2},"end":{"line":39,"column":76}},"type":"if","locations":[{"start":{"line":38,"column":2},"end":{"line":39,"column":76}},{"start":{},"end":{}}],"line":38},"4":{"loc":{"start":{"line":46,"column":2},"end":{"line":50,"column":3}},"type":"if","locations":[{"start":{"line":46,"column":2},"end":{"line":50,"column":3}},{"start":{},"end":{}}],"line":46}},"s":{"0":2,"1":2,"2":2,"3":0,"4":0,"5":0,"6":0,"7":0,"8":0,"9":2,"10":0,"11":0,"12":0,"13":0,"14":2,"15":0,"16":0,"17":0,"18":0,"19":2,"20":0,"21":0,"22":0,"23":0,"24":2,"25":0,"26":0,"27":0,"28":0,"29":0,"30":0,"31":2},"f":{"0":0,"1":0,"2":0,"3":0,"4":0},"b":{"0":[0,0],"1":[0,0],"2":[0,0],"3":[0,0],"4":[0,0]},"_coverageSchema":"1a1c01bbd47fc00a2c39e90264f33305004495a9","hash":"6c5a100b1c6d0604793215e517e37a04e6eda367"}
,"F:\\Andela\\hozayves-portfolio\\blog-backendAPI\\src\\controllers\\users.js": {"path":"F:\\Andela\\hozayves-portfolio\\blog-backendAPI\\src\\controllers\\users.js","statementMap":{"0":{"start":{"line":1,"column":19},"end":{"line":1,"column":49}},"1":{"start":{"line":2,"column":10},"end":{"line":2,"column":27}},"2":{"start":{"line":3,"column":17},"end":{"line":3,"column":36}},"3":{"start":{"line":4,"column":19},"end":{"line":4,"column":41}},"4":{"start":{"line":5,"column":13},"end":{"line":5,"column":28}},"5":{"start":{"line":6,"column":31},"end":{"line":6,"column":56}},"6":{"start":{"line":7,"column":15},"end":{"line":7,"column":34}},"7":{"start":{"line":10,"column":19},"end":{"line":34,"column":1}},"8":{"start":{"line":11,"column":20},"end":{"line":11,"column":42}},"9":{"start":{"line":12,"column":2},"end":{"line":15,"column":62}},"10":{"start":{"line":13,"column":4},"end":{"line":15,"column":62}},"11":{"start":{"line":17,"column":13},"end":{"line":17,"column":58}},"12":{"start":{"line":18,"column":2},"end":{"line":21,"column":64}},"13":{"start":{"line":19,"column":4},"end":{"line":21,"column":64}},"14":{"start":{"line":23,"column":2},"end":{"line":23,"column":67}},"15":{"start":{"line":24,"column":15},"end":{"line":24,"column":39}},"16":{"start":{"line":25,"column":2},"end":{"line":25,"column":61}},"17":{"start":{"line":27,"column":2},"end":{"line":27,"column":20}},"18":{"start":{"line":29,"column":2},"end":{"line":33,"column":5}},"19":{"start":{"line":36,"column":17},"end":{"line":44,"column":1}},"20":{"start":{"line":37,"column":15},"end":{"line":37,"column":61}},"21":{"start":{"line":38,"column":2},"end":{"line":39,"column":79}},"22":{"start":{"line":39,"column":4},"end":{"line":39,"column":79}},"23":{"start":{"line":40,"column":2},"end":{"line":41,"column":77}},"24":{"start":{"line":41,"column":4},"end":{"line":41,"column":77}},"25":{"start":{"line":43,"column":2},"end":{"line":43,"column":43}},"26":{"start":{"line":46,"column":16},"end":{"line":63,"column":1}},"27":{"start":{"line":47,"column":15},"end":{"line":47,"column":76}},"28":{"start":{"line":48,"column":2},"end":{"line":51,"column":78}},"29":{"start":{"line":49,"column":4},"end":{"line":51,"column":78}},"30":{"start":{"line":54,"column":23},"end":{"line":54,"column":46}},"31":{"start":{"line":57,"column":23},"end":{"line":60,"column":3}},"32":{"start":{"line":62,"column":2},"end":{"line":62,"column":51}},"33":{"start":{"line":65,"column":19},"end":{"line":76,"column":1}},"34":{"start":{"line":66,"column":2},"end":{"line":67,"column":75}},"35":{"start":{"line":67,"column":4},"end":{"line":67,"column":75}},"36":{"start":{"line":69,"column":15},"end":{"line":69,"column":66}},"37":{"start":{"line":70,"column":2},"end":{"line":73,"column":78}},"38":{"start":{"line":71,"column":4},"end":{"line":73,"column":78}},"39":{"start":{"line":75,"column":2},"end":{"line":75,"column":71}},"40":{"start":{"line":78,"column":19},"end":{"line":94,"column":1}},"41":{"start":{"line":79,"column":13},"end":{"line":79,"column":54}},"42":{"start":{"line":80,"column":2},"end":{"line":81,"column":73}},"43":{"start":{"line":81,"column":4},"end":{"line":81,"column":73}},"44":{"start":{"line":83,"column":2},"end":{"line":86,"column":3}},"45":{"start":{"line":84,"column":17},"end":{"line":84,"column":41}},"46":{"start":{"line":85,"column":4},"end":{"line":85,"column":63}},"47":{"start":{"line":87,"column":23},"end":{"line":87,"column":63}},"48":{"start":{"line":88,"column":2},"end":{"line":91,"column":45}},"49":{"start":{"line":93,"column":2},"end":{"line":93,"column":52}},"50":{"start":{"line":96,"column":22},"end":{"line":136,"column":1}},"51":{"start":{"line":97,"column":2},"end":{"line":100,"column":63}},"52":{"start":{"line":98,"column":4},"end":{"line":100,"column":63}},"53":{"start":{"line":102,"column":13},"end":{"line":102,"column":72}},"54":{"start":{"line":103,"column":2},"end":{"line":104,"column":73}},"55":{"start":{"line":104,"column":4},"end":{"line":104,"column":73}},"56":{"start":{"line":106,"column":2},"end":{"line":135,"column":3}},"57":{"start":{"line":108,"column":4},"end":{"line":122,"column":5}},"58":{"start":{"line":110,"column":23},"end":{"line":110,"column":66}},"59":{"start":{"line":113,"column":6},"end":{"line":121,"column":9}},"60":{"start":{"line":114,"column":8},"end":{"line":119,"column":9}},"61":{"start":{"line":115,"column":10},"end":{"line":115,"column":29}},"62":{"start":{"line":116,"column":10},"end":{"line":118,"column":74}},"63":{"start":{"line":120,"column":8},"end":{"line":120,"column":37}},"64":{"start":{"line":124,"column":4},"end":{"line":131,"column":7}},"65":{"start":{"line":125,"column":6},"end":{"line":126,"column":74}},"66":{"start":{"line":126,"column":8},"end":{"line":126,"column":74}},"67":{"start":{"line":128,"column":6},"end":{"line":128,"column":32}},"68":{"start":{"line":129,"column":6},"end":{"line":129,"column":24}},"69":{"start":{"line":130,"column":6},"end":{"line":130,"column":70}},"70":{"start":{"line":133,"column":4},"end":{"line":133,"column":23}},"71":{"start":{"line":134,"column":4},"end":{"line":134,"column":56}},"72":{"start":{"line":138,"column":22},"end":{"line":171,"column":1}},"73":{"start":{"line":139,"column":2},"end":{"line":170,"column":3}},"74":{"start":{"line":140,"column":15},"end":{"line":140,"column":74}},"75":{"start":{"line":141,"column":4},"end":{"line":142,"column":76}},"76":{"start":{"line":142,"column":6},"end":{"line":142,"column":76}},"77":{"start":{"line":144,"column":4},"end":{"line":166,"column":5}},"78":{"start":{"line":146,"column":6},"end":{"line":162,"column":7}},"79":{"start":{"line":148,"column":25},"end":{"line":148,"column":68}},"80":{"start":{"line":151,"column":8},"end":{"line":161,"column":11}},"81":{"start":{"line":152,"column":10},"end":{"line":157,"column":11}},"82":{"start":{"line":153,"column":12},"end":{"line":153,"column":31}},"83":{"start":{"line":154,"column":12},"end":{"line":156,"column":76}},"84":{"start":{"line":158,"column":10},"end":{"line":158,"column":30}},"85":{"start":{"line":159,"column":10},"end":{"line":159,"column":28}},"86":{"start":{"line":160,"column":10},"end":{"line":160,"column":74}},"87":{"start":{"line":164,"column":6},"end":{"line":164,"column":58}},"88":{"start":{"line":165,"column":6},"end":{"line":165,"column":25}},"89":{"start":{"line":168,"column":4},"end":{"line":168,"column":23}},"90":{"start":{"line":169,"column":4},"end":{"line":169,"column":74}},"91":{"start":{"line":173,"column":11},"end":{"line":176,"column":1}},"92":{"start":{"line":174,"column":15},"end":{"line":174,"column":73}},"93":{"start":{"line":175,"column":2},"end":{"line":175,"column":43}},"94":{"start":{"line":178,"column":0},"end":{"line":187,"column":2}}},"fnMap":{"0":{"name":"(anonymous_0)","decl":{"start":{"line":10,"column":19},"end":{"line":10,"column":20}},"loc":{"start":{"line":10,"column":39},"end":{"line":34,"column":1}},"line":10},"1":{"name":"(anonymous_1)","decl":{"start":{"line":36,"column":17},"end":{"line":36,"column":18}},"loc":{"start":{"line":36,"column":37},"end":{"line":44,"column":1}},"line":36},"2":{"name":"(anonymous_2)","decl":{"start":{"line":46,"column":16},"end":{"line":46,"column":17}},"loc":{"start":{"line":46,"column":36},"end":{"line":63,"column":1}},"line":46},"3":{"name":"(anonymous_3)","decl":{"start":{"line":65,"column":19},"end":{"line":65,"column":20}},"loc":{"start":{"line":65,"column":39},"end":{"line":76,"column":1}},"line":65},"4":{"name":"(anonymous_4)","decl":{"start":{"line":78,"column":19},"end":{"line":78,"column":20}},"loc":{"start":{"line":78,"column":39},"end":{"line":94,"column":1}},"line":78},"5":{"name":"(anonymous_5)","decl":{"start":{"line":96,"column":22},"end":{"line":96,"column":23}},"loc":{"start":{"line":96,"column":42},"end":{"line":136,"column":1}},"line":96},"6":{"name":"(anonymous_6)","decl":{"start":{"line":113,"column":44},"end":{"line":113,"column":45}},"loc":{"start":{"line":113,"column":63},"end":{"line":121,"column":7}},"line":113},"7":{"name":"(anonymous_7)","decl":{"start":{"line":124,"column":46},"end":{"line":124,"column":47}},"loc":{"start":{"line":124,"column":71},"end":{"line":131,"column":5}},"line":124},"8":{"name":"(anonymous_8)","decl":{"start":{"line":138,"column":22},"end":{"line":138,"column":23}},"loc":{"start":{"line":138,"column":42},"end":{"line":171,"column":1}},"line":138},"9":{"name":"(anonymous_9)","decl":{"start":{"line":151,"column":46},"end":{"line":151,"column":47}},"loc":{"start":{"line":151,"column":71},"end":{"line":161,"column":9}},"line":151},"10":{"name":"(anonymous_10)","decl":{"start":{"line":173,"column":11},"end":{"line":173,"column":12}},"loc":{"start":{"line":173,"column":31},"end":{"line":176,"column":1}},"line":173}},"branchMap":{"0":{"loc":{"start":{"line":12,"column":2},"end":{"line":15,"column":62}},"type":"if","locations":[{"start":{"line":12,"column":2},"end":{"line":15,"column":62}},{"start":{},"end":{}}],"line":12},"1":{"loc":{"start":{"line":18,"column":2},"end":{"line":21,"column":64}},"type":"if","locations":[{"start":{"line":18,"column":2},"end":{"line":21,"column":64}},{"start":{},"end":{}}],"line":18},"2":{"loc":{"start":{"line":38,"column":2},"end":{"line":39,"column":79}},"type":"if","locations":[{"start":{"line":38,"column":2},"end":{"line":39,"column":79}},{"start":{},"end":{}}],"line":38},"3":{"loc":{"start":{"line":40,"column":2},"end":{"line":41,"column":77}},"type":"if","locations":[{"start":{"line":40,"column":2},"end":{"line":41,"column":77}},{"start":{},"end":{}}],"line":40},"4":{"loc":{"start":{"line":48,"column":2},"end":{"line":51,"column":78}},"type":"if","locations":[{"start":{"line":48,"column":2},"end":{"line":51,"column":78}},{"start":{},"end":{}}],"line":48},"5":{"loc":{"start":{"line":66,"column":2},"end":{"line":67,"column":75}},"type":"if","locations":[{"start":{"line":66,"column":2},"end":{"line":67,"column":75}},{"start":{},"end":{}}],"line":66},"6":{"loc":{"start":{"line":70,"column":2},"end":{"line":73,"column":78}},"type":"if","locations":[{"start":{"line":70,"column":2},"end":{"line":73,"column":78}},{"start":{},"end":{}}],"line":70},"7":{"loc":{"start":{"line":80,"column":2},"end":{"line":81,"column":73}},"type":"if","locations":[{"start":{"line":80,"column":2},"end":{"line":81,"column":73}},{"start":{},"end":{}}],"line":80},"8":{"loc":{"start":{"line":83,"column":2},"end":{"line":86,"column":3}},"type":"if","locations":[{"start":{"line":83,"column":2},"end":{"line":86,"column":3}},{"start":{},"end":{}}],"line":83},"9":{"loc":{"start":{"line":97,"column":2},"end":{"line":100,"column":63}},"type":"if","locations":[{"start":{"line":97,"column":2},"end":{"line":100,"column":63}},{"start":{},"end":{}}],"line":97},"10":{"loc":{"start":{"line":103,"column":2},"end":{"line":104,"column":73}},"type":"if","locations":[{"start":{"line":103,"column":2},"end":{"line":104,"column":73}},{"start":{},"end":{}}],"line":103},"11":{"loc":{"start":{"line":108,"column":4},"end":{"line":122,"column":5}},"type":"if","locations":[{"start":{"line":108,"column":4},"end":{"line":122,"column":5}},{"start":{},"end":{}}],"line":108},"12":{"loc":{"start":{"line":114,"column":8},"end":{"line":119,"column":9}},"type":"if","locations":[{"start":{"line":114,"column":8},"end":{"line":119,"column":9}},{"start":{},"end":{}}],"line":114},"13":{"loc":{"start":{"line":125,"column":6},"end":{"line":126,"column":74}},"type":"if","locations":[{"start":{"line":125,"column":6},"end":{"line":126,"column":74}},{"start":{},"end":{}}],"line":125},"14":{"loc":{"start":{"line":141,"column":4},"end":{"line":142,"column":76}},"type":"if","locations":[{"start":{"line":141,"column":4},"end":{"line":142,"column":76}},{"start":{},"end":{}}],"line":141},"15":{"loc":{"start":{"line":146,"column":6},"end":{"line":162,"column":7}},"type":"if","locations":[{"start":{"line":146,"column":6},"end":{"line":162,"column":7}},{"start":{},"end":{}}],"line":146},"16":{"loc":{"start":{"line":152,"column":10},"end":{"line":157,"column":11}},"type":"if","locations":[{"start":{"line":152,"column":10},"end":{"line":157,"column":11}},{"start":{},"end":{}}],"line":152}},"s":{"0":2,"1":2,"2":2,"3":2,"4":2,"5":2,"6":2,"7":2,"8":5,"9":5,"10":4,"11":1,"12":1,"13":0,"14":1,"15":1,"16":1,"17":1,"18":1,"19":2,"20":1,"21":1,"22":0,"23":1,"24":0,"25":1,"26":2,"27":0,"28":0,"29":0,"30":0,"31":0,"32":0,"33":2,"34":3,"35":1,"36":2,"37":2,"38":1,"39":1,"40":2,"41":1,"42":1,"43":0,"44":1,"45":0,"46":0,"47":1,"48":1,"49":1,"50":2,"51":0,"52":0,"53":0,"54":0,"55":0,"56":0,"57":0,"58":0,"59":0,"60":0,"61":0,"62":0,"63":0,"64":0,"65":0,"66":0,"67":0,"68":0,"69":0,"70":0,"71":0,"72":2,"73":0,"74":0,"75":0,"76":0,"77":0,"78":0,"79":0,"80":0,"81":0,"82":0,"83":0,"84":0,"85":0,"86":0,"87":0,"88":0,"89":0,"90":0,"91":2,"92":0,"93":0,"94":2},"f":{"0":5,"1":1,"2":0,"3":3,"4":1,"5":0,"6":0,"7":0,"8":0,"9":0,"10":0},"b":{"0":[4,1],"1":[0,1],"2":[0,1],"3":[0,1],"4":[0,0],"5":[1,2],"6":[1,1],"7":[0,1],"8":[0,1],"9":[0,0],"10":[0,0],"11":[0,0],"12":[0,0],"13":[0,0],"14":[0,0],"15":[0,0],"16":[0,0]},"_coverageSchema":"1a1c01bbd47fc00a2c39e90264f33305004495a9","hash":"ff2354b7e87b2b7d01b0bdf03b4b3e3baea1d547"}
,"F:\\Andela\\hozayves-portfolio\\blog-backendAPI\\src\\middleware\\authAdmin.js": {"path":"F:\\Andela\\hozayves-portfolio\\blog-backendAPI\\src\\middleware\\authAdmin.js","statementMap":{"0":{"start":{"line":1,"column":0},"end":{"line":6,"column":2}},"1":{"start":{"line":2,"column":2},"end":{"line":3,"column":73}},"2":{"start":{"line":3,"column":4},"end":{"line":3,"column":73}},"3":{"start":{"line":5,"column":2},"end":{"line":5,"column":9}}},"fnMap":{"0":{"name":"(anonymous_0)","decl":{"start":{"line":1,"column":17},"end":{"line":1,"column":18}},"loc":{"start":{"line":1,"column":43},"end":{"line":6,"column":1}},"line":1}},"branchMap":{"0":{"loc":{"start":{"line":2,"column":2},"end":{"line":3,"column":73}},"type":"if","locations":[{"start":{"line":2,"column":2},"end":{"line":3,"column":73}},{"start":{},"end":{}}],"line":2}},"s":{"0":2,"1":5,"2":0,"3":5},"f":{"0":5},"b":{"0":[0,5]},"_coverageSchema":"1a1c01bbd47fc00a2c39e90264f33305004495a9","hash":"258cac256b9897afcfb55edac7bb3de44c76c2e9"}
,"F:\\Andela\\hozayves-portfolio\\blog-backendAPI\\src\\middleware\\autherization.js": {"path":"F:\\Andela\\hozayves-portfolio\\blog-backendAPI\\src\\middleware\\autherization.js","statementMap":{"0":{"start":{"line":1,"column":12},"end":{"line":1,"column":35}},"1":{"start":{"line":4,"column":0},"end":{"line":25,"column":2}},"2":{"start":{"line":5,"column":16},"end":{"line":5,"column":71}},"3":{"start":{"line":6,"column":2},"end":{"line":14,"column":3}},"4":{"start":{"line":7,"column":4},"end":{"line":13,"column":5}},"5":{"start":{"line":8,"column":6},"end":{"line":8,"column":20}},"6":{"start":{"line":10,"column":6},"end":{"line":12,"column":74}},"7":{"start":{"line":16,"column":2},"end":{"line":24,"column":3}},"8":{"start":{"line":17,"column":26},"end":{"line":17,"column":75}},"9":{"start":{"line":18,"column":4},"end":{"line":18,"column":29}},"10":{"start":{"line":19,"column":4},"end":{"line":19,"column":31}},"11":{"start":{"line":20,"column":4},"end":{"line":20,"column":11}},"12":{"start":{"line":22,"column":4},"end":{"line":22,"column":32}},"13":{"start":{"line":23,"column":4},"end":{"line":23,"column":66}}},"fnMap":{"0":{"name":"(anonymous_0)","decl":{"start":{"line":4,"column":17},"end":{"line":4,"column":18}},"loc":{"start":{"line":4,"column":43},"end":{"line":25,"column":1}},"line":4}},"branchMap":{"0":{"loc":{"start":{"line":5,"column":16},"end":{"line":5,"column":71}},"type":"binary-expr","locations":[{"start":{"line":5,"column":16},"end":{"line":5,"column":45}},{"start":{"line":5,"column":49},"end":{"line":5,"column":71}}],"line":5},"1":{"loc":{"start":{"line":6,"column":2},"end":{"line":14,"column":3}},"type":"if","locations":[{"start":{"line":6,"column":2},"end":{"line":14,"column":3}},{"start":{},"end":{}}],"line":6},"2":{"loc":{"start":{"line":7,"column":4},"end":{"line":13,"column":5}},"type":"if","locations":[{"start":{"line":7,"column":4},"end":{"line":13,"column":5}},{"start":{"line":9,"column":11},"end":{"line":13,"column":5}}],"line":7}},"s":{"0":2,"1":2,"2":6,"3":6,"4":0,"5":0,"6":0,"7":6,"8":6,"9":6,"10":6,"11":6,"12":0,"13":0},"f":{"0":6},"b":{"0":[6,0],"1":[0,6],"2":[0,0]},"_coverageSchema":"1a1c01bbd47fc00a2c39e90264f33305004495a9","hash":"a9c9b1d7cead08a5ac6b3e9351e381c915179055"}
,"F:\\Andela\\hozayves-portfolio\\blog-backendAPI\\src\\middleware\\errorHandling.js": {"path":"F:\\Andela\\hozayves-portfolio\\blog-backendAPI\\src\\middleware\\errorHandling.js","statementMap":{"0":{"start":{"line":2,"column":21},"end":{"line":6,"column":1}},"1":{"start":{"line":3,"column":2},"end":{"line":3,"column":25}},"2":{"start":{"line":4,"column":2},"end":{"line":4,"column":61}},"3":{"start":{"line":5,"column":2},"end":{"line":5,"column":7}},"4":{"start":{"line":7,"column":0},"end":{"line":7,"column":30}}},"fnMap":{"0":{"name":"(anonymous_0)","decl":{"start":{"line":2,"column":21},"end":{"line":2,"column":22}},"loc":{"start":{"line":2,"column":46},"end":{"line":6,"column":1}},"line":2}},"branchMap":{},"s":{"0":2,"1":0,"2":0,"3":0,"4":2},"f":{"0":0},"b":{},"_coverageSchema":"1a1c01bbd47fc00a2c39e90264f33305004495a9","hash":"59acc4b390cf6a647ec33e4f2213aa7a7e50f54b"}
,"F:\\Andela\\hozayves-portfolio\\blog-backendAPI\\src\\middleware\\imageStorage.js": {"path":"F:\\Andela\\hozayves-portfolio\\blog-backendAPI\\src\\middleware\\imageStorage.js","statementMap":{"0":{"start":{"line":1,"column":15},"end":{"line":1,"column":32}},"1":{"start":{"line":2,"column":13},"end":{"line":2,"column":28}},"2":{"start":{"line":4,"column":16},"end":{"line":12,"column":2}},"3":{"start":{"line":7,"column":4},"end":{"line":10,"column":6}},"4":{"start":{"line":13,"column":15},"end":{"line":13,"column":43}},"5":{"start":{"line":15,"column":0},"end":{"line":15,"column":28}}},"fnMap":{"0":{"name":"(anonymous_0)","decl":{"start":{"line":6,"column":12},"end":{"line":6,"column":13}},"loc":{"start":{"line":6,"column":37},"end":{"line":11,"column":3}},"line":6}},"branchMap":{},"s":{"0":2,"1":2,"2":2,"3":1,"4":2,"5":2},"f":{"0":1},"b":{},"_coverageSchema":"1a1c01bbd47fc00a2c39e90264f33305004495a9","hash":"f8bc46810356a2a4956a5e0a1ee1654a5c48116c"}
,"F:\\Andela\\hozayves-portfolio\\blog-backendAPI\\src\\models\\blogModel.js": {"path":"F:\\Andela\\hozayves-portfolio\\blog-backendAPI\\src\\models\\blogModel.js","statementMap":{"0":{"start":{"line":1,"column":12},"end":{"line":1,"column":26}},"1":{"start":{"line":2,"column":17},"end":{"line":2,"column":36}},"2":{"start":{"line":3,"column":17},"end":{"line":3,"column":42}},"3":{"start":{"line":5,"column":19},"end":{"line":54,"column":1}},"4":{"start":{"line":56,"column":18},"end":{"line":56,"column":52}},"5":{"start":{"line":59,"column":17},"end":{"line":64,"column":4}},"6":{"start":{"line":65,"column":2},"end":{"line":65,"column":31}},"7":{"start":{"line":68,"column":0},"end":{"line":72,"column":2}}},"fnMap":{"0":{"name":"validateBlog","decl":{"start":{"line":58,"column":9},"end":{"line":58,"column":21}},"loc":{"start":{"line":58,"column":28},"end":{"line":66,"column":1}},"line":58}},"branchMap":{},"s":{"0":2,"1":2,"2":2,"3":2,"4":2,"5":1,"6":1,"7":2},"f":{"0":1},"b":{},"_coverageSchema":"1a1c01bbd47fc00a2c39e90264f33305004495a9","hash":"e775121d5fec9d5f3e8af9cc495270d2a5612df6"}
,"F:\\Andela\\hozayves-portfolio\\blog-backendAPI\\src\\models\\comment.js": {"path":"F:\\Andela\\hozayves-portfolio\\blog-backendAPI\\src\\models\\comment.js","statementMap":{"0":{"start":{"line":1,"column":12},"end":{"line":1,"column":26}},"1":{"start":{"line":2,"column":17},"end":{"line":2,"column":36}},"2":{"start":{"line":3,"column":17},"end":{"line":3,"column":42}},"3":{"start":{"line":4,"column":22},"end":{"line":4,"column":52}},"4":{"start":{"line":6,"column":16},"end":{"line":37,"column":1}},"5":{"start":{"line":40,"column":17},"end":{"line":42,"column":4}},"6":{"start":{"line":43,"column":2},"end":{"line":43,"column":34}},"7":{"start":{"line":46,"column":17},"end":{"line":48,"column":4}},"8":{"start":{"line":49,"column":2},"end":{"line":49,"column":34}},"9":{"start":{"line":52,"column":0},"end":{"line":52,"column":69}}},"fnMap":{"0":{"name":"validateComment","decl":{"start":{"line":39,"column":9},"end":{"line":39,"column":24}},"loc":{"start":{"line":39,"column":34},"end":{"line":44,"column":1}},"line":39},"1":{"name":"validateCommentUpdate","decl":{"start":{"line":45,"column":9},"end":{"line":45,"column":30}},"loc":{"start":{"line":45,"column":40},"end":{"line":50,"column":1}},"line":45}},"branchMap":{},"s":{"0":2,"1":2,"2":2,"3":2,"4":2,"5":0,"6":0,"7":0,"8":0,"9":2},"f":{"0":0,"1":0},"b":{},"_coverageSchema":"1a1c01bbd47fc00a2c39e90264f33305004495a9","hash":"d5b1ad8f26010f5b875fd99d830bd09135b0c1a2"}
,"F:\\Andela\\hozayves-portfolio\\blog-backendAPI\\src\\models\\messageModel.js": {"path":"F:\\Andela\\hozayves-portfolio\\blog-backendAPI\\src\\models\\messageModel.js","statementMap":{"0":{"start":{"line":1,"column":12},"end":{"line":1,"column":26}},"1":{"start":{"line":2,"column":17},"end":{"line":2,"column":36}},"2":{"start":{"line":4,"column":16},"end":{"line":38,"column":1}},"3":{"start":{"line":40,"column":17},"end":{"line":44,"column":4}},"4":{"start":{"line":45,"column":2},"end":{"line":45,"column":34}},"5":{"start":{"line":47,"column":0},"end":{"line":47,"column":46}}},"fnMap":{"0":{"name":"validateMessage","decl":{"start":{"line":39,"column":9},"end":{"line":39,"column":24}},"loc":{"start":{"line":39,"column":34},"end":{"line":46,"column":1}},"line":39}},"branchMap":{},"s":{"0":2,"1":2,"2":2,"3":0,"4":0,"5":2},"f":{"0":0},"b":{},"_coverageSchema":"1a1c01bbd47fc00a2c39e90264f33305004495a9","hash":"2e634607495b773284816c830fe5a83b66383e0a"}
,"F:\\Andela\\hozayves-portfolio\\blog-backendAPI\\src\\models\\user.js": {"path":"F:\\Andela\\hozayves-portfolio\\blog-backendAPI\\src\\models\\user.js","statementMap":{"0":{"start":{"line":1,"column":12},"end":{"line":1,"column":35}},"1":{"start":{"line":2,"column":12},"end":{"line":2,"column":26}},"2":{"start":{"line":3,"column":17},"end":{"line":3,"column":36}},"3":{"start":{"line":6,"column":19},"end":{"line":44,"column":2}},"4":{"start":{"line":45,"column":0},"end":{"line":52,"column":2}},"5":{"start":{"line":46,"column":16},"end":{"line":50,"column":3}},"6":{"start":{"line":51,"column":2},"end":{"line":51,"column":15}},"7":{"start":{"line":54,"column":13},"end":{"line":54,"column":47}},"8":{"start":{"line":57,"column":17},"end":{"line":62,"column":4}},"9":{"start":{"line":63,"column":2},"end":{"line":63,"column":31}},"10":{"start":{"line":66,"column":0},"end":{"line":66,"column":40}}},"fnMap":{"0":{"name":"(anonymous_0)","decl":{"start":{"line":45,"column":39},"end":{"line":45,"column":40}},"loc":{"start":{"line":45,"column":51},"end":{"line":52,"column":1}},"line":45},"1":{"name":"validateUser","decl":{"start":{"line":56,"column":9},"end":{"line":56,"column":21}},"loc":{"start":{"line":56,"column":28},"end":{"line":64,"column":1}},"line":56}},"branchMap":{},"s":{"0":2,"1":2,"2":2,"3":2,"4":2,"5":13,"6":13,"7":2,"8":5,"9":5,"10":2},"f":{"0":13,"1":5},"b":{},"_coverageSchema":"1a1c01bbd47fc00a2c39e90264f33305004495a9","hash":"5e7cc01bc56e46dfdad38274472d4a4cedf64865"}
,"F:\\Andela\\hozayves-portfolio\\blog-backendAPI\\src\\routers\\auths.js": {"path":"F:\\Andela\\hozayves-portfolio\\blog-backendAPI\\src\\routers\\auths.js","statementMap":{"0":{"start":{"line":1,"column":16},"end":{"line":1,"column":34}},"1":{"start":{"line":2,"column":23},"end":{"line":2,"column":63}},"2":{"start":{"line":3,"column":15},"end":{"line":3,"column":31}},"3":{"start":{"line":5,"column":0},"end":{"line":5,"column":33}},"4":{"start":{"line":7,"column":0},"end":{"line":7,"column":24}}},"fnMap":{},"branchMap":{},"s":{"0":2,"1":2,"2":2,"3":2,"4":2},"f":{},"b":{},"_coverageSchema":"1a1c01bbd47fc00a2c39e90264f33305004495a9","hash":"e03cd5ce46cafe5c3b5729b5be475791443b9b67"}
,"F:\\Andela\\hozayves-portfolio\\blog-backendAPI\\src\\routers\\blogRoutes.js": {"path":"F:\\Andela\\hozayves-portfolio\\blog-backendAPI\\src\\routers\\blogRoutes.js","statementMap":{"0":{"start":{"line":1,"column":13},"end":{"line":1,"column":51}},"1":{"start":{"line":2,"column":20},"end":{"line":2,"column":54}},"2":{"start":{"line":3,"column":16},"end":{"line":3,"column":34}},"3":{"start":{"line":4,"column":15},"end":{"line":4,"column":31}},"4":{"start":{"line":11,"column":4},"end":{"line":11,"column":44}},"5":{"start":{"line":12,"column":19},"end":{"line":12,"column":56}},"6":{"start":{"line":15,"column":0},"end":{"line":15,"column":77}},"7":{"start":{"line":17,"column":0},"end":{"line":17,"column":28}},"8":{"start":{"line":19,"column":0},"end":{"line":19,"column":28}},"9":{"start":{"line":21,"column":0},"end":{"line":21,"column":55}},"10":{"start":{"line":23,"column":0},"end":{"line":23,"column":52}},"11":{"start":{"line":25,"column":0},"end":{"line":25,"column":24}}},"fnMap":{},"branchMap":{},"s":{"0":2,"1":2,"2":2,"3":2,"4":2,"5":2,"6":2,"7":2,"8":2,"9":2,"10":2,"11":2},"f":{},"b":{},"_coverageSchema":"1a1c01bbd47fc00a2c39e90264f33305004495a9","hash":"44a71d72ac4e4c0b5776d337e18139356acc7b78"}
,"F:\\Andela\\hozayves-portfolio\\blog-backendAPI\\src\\routers\\comments.js": {"path":"F:\\Andela\\hozayves-portfolio\\blog-backendAPI\\src\\routers\\comments.js","statementMap":{"0":{"start":{"line":1,"column":13},"end":{"line":1,"column":51}},"1":{"start":{"line":2,"column":18},"end":{"line":2,"column":52}},"2":{"start":{"line":3,"column":16},"end":{"line":3,"column":34}},"3":{"start":{"line":4,"column":15},"end":{"line":4,"column":31}},"4":{"start":{"line":10,"column":4},"end":{"line":10,"column":38}},"5":{"start":{"line":12,"column":0},"end":{"line":12,"column":41}},"6":{"start":{"line":13,"column":0},"end":{"line":13,"column":43}},"7":{"start":{"line":14,"column":0},"end":{"line":14,"column":38}},"8":{"start":{"line":15,"column":0},"end":{"line":15,"column":43}},"9":{"start":{"line":17,"column":0},"end":{"line":17,"column":24}}},"fnMap":{},"branchMap":{},"s":{"0":2,"1":2,"2":2,"3":2,"4":2,"5":2,"6":2,"7":2,"8":2,"9":2},"f":{},"b":{},"_coverageSchema":"1a1c01bbd47fc00a2c39e90264f33305004495a9","hash":"3ceae9598e733bf9acb0c2326e399fe3a327ca50"}
,"F:\\Andela\\hozayves-portfolio\\blog-backendAPI\\src\\routers\\likeRoutes.js": {"path":"F:\\Andela\\hozayves-portfolio\\blog-backendAPI\\src\\routers\\likeRoutes.js","statementMap":{"0":{"start":{"line":1,"column":16},"end":{"line":1,"column":34}},"1":{"start":{"line":2,"column":15},"end":{"line":2,"column":31}},"2":{"start":{"line":3,"column":34},"end":{"line":3,"column":74}},"3":{"start":{"line":4,"column":22},"end":{"line":4,"column":60}},"4":{"start":{"line":6,"column":0},"end":{"line":6,"column":47}},"5":{"start":{"line":7,"column":0},"end":{"line":7,"column":45}},"6":{"start":{"line":9,"column":0},"end":{"line":9,"column":24}}},"fnMap":{},"branchMap":{},"s":{"0":2,"1":2,"2":2,"3":2,"4":2,"5":2,"6":2},"f":{},"b":{},"_coverageSchema":"1a1c01bbd47fc00a2c39e90264f33305004495a9","hash":"dddd96a8a83075de839bd2b1395cd1e8f9037842"}
,"F:\\Andela\\hozayves-portfolio\\blog-backendAPI\\src\\routers\\messages.js": {"path":"F:\\Andela\\hozayves-portfolio\\blog-backendAPI\\src\\routers\\messages.js","statementMap":{"0":{"start":{"line":1,"column":13},"end":{"line":1,"column":51}},"1":{"start":{"line":2,"column":18},"end":{"line":2,"column":52}},"2":{"start":{"line":3,"column":16},"end":{"line":3,"column":34}},"3":{"start":{"line":4,"column":15},"end":{"line":4,"column":31}},"4":{"start":{"line":11,"column":4},"end":{"line":11,"column":38}},"5":{"start":{"line":13,"column":0},"end":{"line":13,"column":30}},"6":{"start":{"line":14,"column":0},"end":{"line":14,"column":48}},"7":{"start":{"line":15,"column":0},"end":{"line":15,"column":56}},"8":{"start":{"line":16,"column":0},"end":{"line":16,"column":54}},"9":{"start":{"line":17,"column":0},"end":{"line":17,"column":61}},"10":{"start":{"line":19,"column":0},"end":{"line":19,"column":24}}},"fnMap":{},"branchMap":{},"s":{"0":2,"1":2,"2":2,"3":2,"4":2,"5":2,"6":2,"7":2,"8":2,"9":2,"10":2},"f":{},"b":{},"_coverageSchema":"1a1c01bbd47fc00a2c39e90264f33305004495a9","hash":"8836b933b236642afc826c12b680d9529f4db194"}
,"F:\\Andela\\hozayves-portfolio\\blog-backendAPI\\src\\routers\\users.js": {"path":"F:\\Andela\\hozayves-portfolio\\blog-backendAPI\\src\\routers\\users.js","statementMap":{"0":{"start":{"line":1,"column":22},"end":{"line":1,"column":60}},"1":{"start":{"line":2,"column":18},"end":{"line":2,"column":52}},"2":{"start":{"line":3,"column":10},"end":{"line":3,"column":27}},"3":{"start":{"line":4,"column":16},"end":{"line":4,"column":34}},"4":{"start":{"line":5,"column":19},"end":{"line":5,"column":56}},"5":{"start":{"line":6,"column":15},"end":{"line":6,"column":31}},"6":{"start":{"line":16,"column":4},"end":{"line":16,"column":35}},"7":{"start":{"line":17,"column":17},"end":{"line":17,"column":42}},"8":{"start":{"line":19,"column":0},"end":{"line":19,"column":29}},"9":{"start":{"line":20,"column":0},"end":{"line":20,"column":54}},"10":{"start":{"line":21,"column":0},"end":{"line":21,"column":28}},"11":{"start":{"line":22,"column":0},"end":{"line":22,"column":62}},"12":{"start":{"line":23,"column":0},"end":{"line":23,"column":43}},"13":{"start":{"line":24,"column":0},"end":{"line":28,"column":2}},"14":{"start":{"line":29,"column":0},"end":{"line":29,"column":60}},"15":{"start":{"line":30,"column":0},"end":{"line":30,"column":38}},"16":{"start":{"line":31,"column":0},"end":{"line":31,"column":24}}},"fnMap":{},"branchMap":{},"s":{"0":2,"1":2,"2":2,"3":2,"4":2,"5":2,"6":2,"7":2,"8":2,"9":2,"10":2,"11":2,"12":2,"13":2,"14":2,"15":2,"16":2},"f":{},"b":{},"_coverageSchema":"1a1c01bbd47fc00a2c39e90264f33305004495a9","hash":"ab08a628151c14a96e1dcbf4df4b35a62d6a4729"}
,"F:\\Andela\\hozayves-portfolio\\blog-backendAPI\\src\\utils\\cloudinary.js": {"path":"F:\\Andela\\hozayves-portfolio\\blog-backendAPI\\src\\utils\\cloudinary.js","statementMap":{"0":{"start":{"line":1,"column":19},"end":{"line":1,"column":43}},"1":{"start":{"line":4,"column":0},"end":{"line":8,"column":3}},"2":{"start":{"line":10,"column":0},"end":{"line":10,"column":28}}},"fnMap":{},"branchMap":{},"s":{"0":2,"1":2,"2":2},"f":{},"b":{},"_coverageSchema":"1a1c01bbd47fc00a2c39e90264f33305004495a9","hash":"4775cbb8b0a30bb9e6ac55136adb140bb085a86d"}
}
