TN:
SF:src\server.js
FN:53,(anonymous_0)
FNF:1
FNH:1
FNDA:2,(anonymous_0)
DA:1,2
DA:2,2
DA:3,2
DA:4,2
DA:5,2
DA:6,2
DA:7,2
DA:8,2
DA:9,2
DA:10,2
DA:11,2
DA:12,2
DA:13,2
DA:14,2
DA:15,2
DA:16,2
DA:17,2
DA:26,2
DA:28,2
DA:31,2
DA:34,2
DA:36,2
DA:38,2
DA:40,2
DA:42,2
DA:44,2
DA:46,2
DA:47,2
DA:48,2
DA:50,0
DA:53,2
DA:54,2
DA:57,2
DA:59,2
LF:34
LH:33
BRF:0
BRH:0
end_of_record
TN:
SF:src\controllers\authentication.js
FN:6,(anonymous_0)
FN:33,validateAuth
FNF:2
FNH:0
FNDA:0,(anonymous_0)
FNDA:0,validateAuth
DA:1,2
DA:2,2
DA:3,2
DA:4,2
DA:6,2
DA:7,0
DA:8,0
DA:9,0
DA:13,0
DA:14,0
DA:15,0
DA:19,0
DA:20,0
DA:21,0
DA:25,0
DA:27,0
DA:30,2
DA:34,0
DA:38,0
LF:19
LH:6
BRDA:8,0,0,0
BRDA:8,0,1,0
BRDA:14,1,0,0
BRDA:14,1,1,0
BRDA:20,2,0,0
BRDA:20,2,1,0
BRF:6
BRH:0
end_of_record
TN:
SF:src\controllers\blogController.js
FN:7,(anonymous_0)
FN:26,(anonymous_1)
FN:34,(anonymous_2)
FN:45,(anonymous_3)
FN:54,(anonymous_4)
FN:67,(anonymous_5)
FN:74,(anonymous_6)
FNF:7
FNH:2
FNDA:0,(anonymous_0)
FNDA:0,(anonymous_1)
FNDA:0,(anonymous_2)
FNDA:0,(anonymous_3)
FNDA:0,(anonymous_4)
FNDA:1,(anonymous_5)
FNDA:1,(anonymous_6)
DA:1,2
DA:2,2
DA:3,2
DA:4,2
DA:7,2
DA:8,0
DA:12,0
DA:14,0
DA:23,0
DA:26,2
DA:27,0
DA:28,0
DA:29,0
DA:31,0
DA:34,2
DA:35,0
DA:37,0
DA:38,0
DA:42,0
DA:45,2
DA:46,0
DA:50,0
DA:51,0
DA:53,0
DA:54,0
DA:55,0
DA:56,0
DA:57,0
DA:61,0
DA:62,0
DA:67,2
DA:68,1
DA:69,1
DA:70,0
DA:74,1
DA:75,1
DA:76,0
DA:77,0
DA:81,1
DA:88,1
DA:90,1
DA:91,0
DA:94,1
DA:98,2
LF:44
LH:18
BRDA:12,0,0,0
BRDA:12,0,1,0
BRDA:28,1,0,0
BRDA:28,1,1,0
BRDA:37,2,0,0
BRDA:37,2,1,0
BRDA:50,3,0,0
BRDA:50,3,1,0
BRDA:55,4,0,0
BRDA:55,4,1,0
BRDA:69,5,0,0
BRDA:69,5,1,1
BRDA:75,6,0,0
BRDA:75,6,1,1
BRDA:90,7,0,0
BRDA:90,7,1,1
BRF:16
BRH:3
end_of_record
TN:
SF:src\controllers\comments.js
FN:10,(anonymous_0)
FN:27,(anonymous_1)
FN:40,(anonymous_2)
FN:59,(anonymous_3)
FNF:4
FNH:0
FNDA:0,(anonymous_0)
FNDA:0,(anonymous_1)
FNDA:0,(anonymous_2)
FNDA:0,(anonymous_3)
DA:1,2
DA:6,2
DA:7,2
DA:10,2
DA:11,0
DA:12,0
DA:13,0
DA:17,0
DA:22,0
DA:24,0
DA:27,2
DA:28,0
DA:29,0
DA:30,0
DA:34,0
DA:37,0
DA:40,2
DA:41,0
DA:42,0
DA:43,0
DA:46,0
DA:47,0
DA:48,0
DA:51,0
DA:52,0
DA:53,0
DA:55,0
DA:59,2
DA:60,0
DA:63,0
DA:64,0
DA:66,0
DA:69,2
LF:33
LH:8
BRDA:12,0,0,0
BRDA:12,0,1,0
BRDA:29,1,0,0
BRDA:29,1,1,0
BRDA:42,2,0,0
BRDA:42,2,1,0
BRDA:47,3,0,0
BRDA:47,3,1,0
BRDA:63,4,0,0
BRDA:63,4,1,0
BRF:10
BRH:0
end_of_record
TN:
SF:src\controllers\likeController.js
FN:3,(anonymous_0)
FN:11,(anonymous_1)
FN:24,(anonymous_2)
FN:33,(anonymous_3)
FNF:4
FNH:0
FNDA:0,(anonymous_0)
FNDA:0,(anonymous_1)
FNDA:0,(anonymous_2)
FNDA:0,(anonymous_3)
DA:1,2
DA:3,2
DA:4,0
DA:5,0
DA:6,0
DA:10,0
DA:11,0
DA:13,0
DA:15,0
DA:18,0
DA:20,0
DA:21,0
DA:24,2
DA:26,0
DA:27,0
DA:28,0
DA:29,0
DA:33,0
DA:35,0
DA:37,0
DA:42,2
LF:21
LH:4
BRDA:5,0,0,0
BRDA:5,0,1,0
BRDA:10,1,0,0
BRDA:10,1,1,0
BRDA:13,2,0,0
BRDA:13,2,1,0
BRDA:26,3,0,0
BRDA:26,3,1,0
BRDA:28,4,0,0
BRDA:28,4,1,0
BRDA:33,5,0,0
BRDA:33,5,1,0
BRDA:39,6,0,0
BRDA:39,6,1,0
BRF:14
BRH:0
end_of_record
TN:
SF:src\controllers\messages.js
FN:5,(anonymous_0)
FN:18,(anonymous_1)
FN:26,(anonymous_2)
FN:36,(anonymous_3)
FN:44,(anonymous_4)
FNF:5
FNH:0
FNDA:0,(anonymous_0)
FNDA:0,(anonymous_1)
FNDA:0,(anonymous_2)
FNDA:0,(anonymous_3)
FNDA:0,(anonymous_4)
DA:1,2
DA:2,2
DA:5,2
DA:6,0
DA:7,0
DA:8,0
DA:12,0
DA:13,0
DA:14,0
DA:18,2
DA:19,0
DA:20,0
DA:21,0
DA:23,0
DA:26,2
DA:27,0
DA:30,0
DA:31,0
DA:33,0
DA:36,2
DA:37,0
DA:38,0
DA:39,0
DA:41,0
DA:44,2
DA:45,0
DA:46,0
DA:47,0
DA:48,0
DA:49,0
DA:51,0
DA:53,2
LF:32
LH:8
BRDA:7,0,0,0
BRDA:7,0,1,0
BRDA:20,1,0,0
BRDA:20,1,1,0
BRDA:30,2,0,0
BRDA:30,2,1,0
BRDA:38,3,0,0
BRDA:38,3,1,0
BRDA:46,4,0,0
BRDA:46,4,1,0
BRF:10
BRH:0
end_of_record
TN:
SF:src\controllers\users.js
FN:10,(anonymous_0)
FN:36,(anonymous_1)
FN:46,(anonymous_2)
FN:65,(anonymous_3)
FN:78,(anonymous_4)
FN:96,(anonymous_5)
FN:113,(anonymous_6)
FN:124,(anonymous_7)
FN:138,(anonymous_8)
FN:151,(anonymous_9)
FN:173,(anonymous_10)
FNF:11
FNH:4
FNDA:5,(anonymous_0)
FNDA:1,(anonymous_1)
FNDA:0,(anonymous_2)
FNDA:3,(anonymous_3)
FNDA:1,(anonymous_4)
FNDA:0,(anonymous_5)
FNDA:0,(anonymous_6)
FNDA:0,(anonymous_7)
FNDA:0,(anonymous_8)
FNDA:0,(anonymous_9)
FNDA:0,(anonymous_10)
DA:1,2
DA:2,2
DA:3,2
DA:4,2
DA:5,2
DA:6,2
DA:7,2
DA:10,2
DA:11,5
DA:12,5
DA:13,4
DA:17,1
DA:18,1
DA:19,0
DA:23,1
DA:24,1
DA:25,1
DA:27,1
DA:29,1
DA:36,2
DA:37,1
DA:38,1
DA:39,0
DA:40,1
DA:41,0
DA:43,1
DA:46,2
DA:47,0
DA:48,0
DA:49,0
DA:54,0
DA:57,0
DA:62,0
DA:65,2
DA:66,3
DA:67,1
DA:69,2
DA:70,2
DA:71,1
DA:75,1
DA:78,2
DA:79,1
DA:80,1
DA:81,0
DA:83,1
DA:84,0
DA:85,0
DA:87,1
DA:88,1
DA:93,1
DA:96,2
DA:97,0
DA:98,0
DA:102,0
DA:103,0
DA:104,0
DA:106,0
DA:108,0
DA:110,0
DA:113,0
DA:114,0
DA:115,0
DA:116,0
DA:120,0
DA:124,0
DA:125,0
DA:126,0
DA:128,0
DA:129,0
DA:130,0
DA:133,0
DA:134,0
DA:138,2
DA:139,0
DA:140,0
DA:141,0
DA:142,0
DA:144,0
DA:146,0
DA:148,0
DA:151,0
DA:152,0
DA:153,0
DA:154,0
DA:158,0
DA:159,0
DA:160,0
DA:164,0
DA:165,0
DA:168,0
DA:169,0
DA:173,2
DA:174,0
DA:175,0
DA:178,2
LF:95
LH:42
BRDA:12,0,0,4
BRDA:12,0,1,1
BRDA:18,1,0,0
BRDA:18,1,1,1
BRDA:38,2,0,0
BRDA:38,2,1,1
BRDA:40,3,0,0
BRDA:40,3,1,1
BRDA:48,4,0,0
BRDA:48,4,1,0
BRDA:66,5,0,1
BRDA:66,5,1,2
BRDA:70,6,0,1
BRDA:70,6,1,1
BRDA:80,7,0,0
BRDA:80,7,1,1
BRDA:83,8,0,0
BRDA:83,8,1,1
BRDA:97,9,0,0
BRDA:97,9,1,0
BRDA:103,10,0,0
BRDA:103,10,1,0
BRDA:108,11,0,0
BRDA:108,11,1,0
BRDA:114,12,0,0
BRDA:114,12,1,0
BRDA:125,13,0,0
BRDA:125,13,1,0
BRDA:141,14,0,0
BRDA:141,14,1,0
BRDA:146,15,0,0
BRDA:146,15,1,0
BRDA:152,16,0,0
BRDA:152,16,1,0
BRF:34
BRH:11
end_of_record
TN:
SF:src\middleware\authAdmin.js
FN:1,(anonymous_0)
FNF:1
FNH:1
FNDA:5,(anonymous_0)
DA:1,2
DA:2,5
DA:3,0
DA:5,5
LF:4
LH:3
BRDA:2,0,0,0
BRDA:2,0,1,5
BRF:2
BRH:1
end_of_record
TN:
SF:src\middleware\autherization.js
FN:4,(anonymous_0)
FNF:1
FNH:1
FNDA:6,(anonymous_0)
DA:1,2
DA:4,2
DA:5,6
DA:6,6
DA:7,0
DA:8,0
DA:10,0
DA:16,6
DA:17,6
DA:18,6
DA:19,6
DA:20,6
DA:22,0
DA:23,0
LF:14
LH:9
BRDA:5,0,0,6
BRDA:5,0,1,0
BRDA:6,1,0,0
BRDA:6,1,1,6
BRDA:7,2,0,0
BRDA:7,2,1,0
BRF:6
BRH:2
end_of_record
TN:
SF:src\middleware\errorHandling.js
FN:2,(anonymous_0)
FNF:1
FNH:0
FNDA:0,(anonymous_0)
DA:2,2
DA:3,0
DA:4,0
DA:5,0
DA:7,2
LF:5
LH:2
BRF:0
BRH:0
end_of_record
TN:
SF:src\middleware\imageStorage.js
FN:6,(anonymous_0)
FNF:1
FNH:1
FNDA:1,(anonymous_0)
DA:1,2
DA:2,2
DA:4,2
DA:7,1
DA:13,2
DA:15,2
LF:6
LH:6
BRF:0
BRH:0
end_of_record
TN:
SF:src\models\blogModel.js
FN:58,validateBlog
FNF:1
FNH:1
FNDA:1,validateBlog
DA:1,2
DA:2,2
DA:3,2
DA:5,2
DA:56,2
DA:59,1
DA:65,1
DA:68,2
LF:8
LH:8
BRF:0
BRH:0
end_of_record
TN:
SF:src\models\comment.js
FN:39,validateComment
FN:45,validateCommentUpdate
FNF:2
FNH:0
FNDA:0,validateComment
FNDA:0,validateCommentUpdate
DA:1,2
DA:2,2
DA:3,2
DA:4,2
DA:6,2
DA:40,0
DA:43,0
DA:46,0
DA:49,0
DA:52,2
LF:10
LH:6
BRF:0
BRH:0
end_of_record
TN:
SF:src\models\messageModel.js
FN:39,validateMessage
FNF:1
FNH:0
FNDA:0,validateMessage
DA:1,2
DA:2,2
DA:4,2
DA:40,0
DA:45,0
DA:47,2
LF:6
LH:4
BRF:0
BRH:0
end_of_record
TN:
SF:src\models\user.js
FN:45,(anonymous_0)
FN:56,validateUser
FNF:2
FNH:2
FNDA:13,(anonymous_0)
FNDA:5,validateUser
DA:1,2
DA:2,2
DA:3,2
DA:6,2
DA:45,2
DA:46,13
DA:51,13
DA:54,2
DA:57,5
DA:63,5
DA:66,2
LF:11
LH:11
BRF:0
BRH:0
end_of_record
TN:
SF:src\routers\auths.js
FNF:0
FNH:0
DA:1,2
DA:2,2
DA:3,2
DA:5,2
DA:7,2
LF:5
LH:5
BRF:0
BRH:0
end_of_record
TN:
SF:src\routers\blogRoutes.js
FNF:0
FNH:0
DA:1,2
DA:2,2
DA:3,2
DA:4,2
DA:11,2
DA:12,2
DA:15,2
DA:17,2
DA:19,2
DA:21,2
DA:23,2
DA:25,2
LF:12
LH:12
BRF:0
BRH:0
end_of_record
TN:
SF:src\routers\comments.js
FNF:0
FNH:0
DA:1,2
DA:2,2
DA:3,2
DA:4,2
DA:10,2
DA:12,2
DA:13,2
DA:14,2
DA:15,2
DA:17,2
LF:10
LH:10
BRF:0
BRH:0
end_of_record
TN:
SF:src\routers\likeRoutes.js
FNF:0
FNH:0
DA:1,2
DA:2,2
DA:3,2
DA:4,2
DA:6,2
DA:7,2
DA:9,2
LF:7
LH:7
BRF:0
BRH:0
end_of_record
TN:
SF:src\routers\messages.js
FNF:0
FNH:0
DA:1,2
DA:2,2
DA:3,2
DA:4,2
DA:11,2
DA:13,2
DA:14,2
DA:15,2
DA:16,2
DA:17,2
DA:19,2
LF:11
LH:11
BRF:0
BRH:0
end_of_record
TN:
SF:src\routers\users.js
FNF:0
FNH:0
DA:1,2
DA:2,2
DA:3,2
DA:4,2
DA:5,2
DA:6,2
DA:16,2
DA:17,2
DA:19,2
DA:20,2
DA:21,2
DA:22,2
DA:23,2
DA:24,2
DA:29,2
DA:30,2
DA:31,2
LF:17
LH:17
BRF:0
BRH:0
end_of_record
TN:
SF:src\utils\cloudinary.js
FNF:0
FNH:0
DA:1,2
DA:4,2
DA:10,2
LF:3
LH:3
BRF:0
BRH:0
end_of_record
